[2026-02-28T19:17:42.763529] 2785b77e-0fbf-4473-b7a3-34daf6ddc1db: PromptBuilder.build_prompt() got an unexpected keyword argument 'diffs'
[2026-02-28T19:19:01.048983] 68eecc3b-0622-4c40-8e30-72bb07d2d5d6: PromptBuilder.build_prompt() got an unexpected keyword argument 'diffs'
[2026-02-28T19:29:29.780498] 8e23f06a-6b3e-4a44-8efe-3879e4d919c5: 'RetrievalConfig' object has no attribute 'candidate_limit'
[2026-02-28T19:37:59.928797] 8bac102e-fba6-4d2b-aaab-9b1c3741f5b1: 'RetrievalConfig' object has no attribute 'candidate_limit'
[2026-02-28T19:38:11.373819] 401519d7-f6a3-4595-8c5b-e0be6ec92c59: 'RetrievalConfig' object has no attribute 'candidate_limit'
[2026-02-28T19:38:36.270569] 01bdf3ee-ba3e-4a86-9b3d-d23d36ec88e1: 'RetrievalConfig' object has no attribute 'candidate_limit'
[2026-02-28T19:46:13.252823] 7516f350-9e1e-4cf8-a8aa-a3152e8f1cfe: 'RetrievalConfig' object has no attribute 'candidate_limit'
[2026-02-28T19:50:20.953547] fe55b9b3-3c4b-46de-ae6e-0dfc52a1b7e5: 'RetrievalConfig' object has no attribute 'candidate_limit'
[2026-02-28T19:50:59.776470] 8b93322a-d4dc-4978-8e98-261641e6e0d6: 'RetrievalConfig' object has no attribute 'candidate_limit'
[2026-02-28T19:54:21.196336] 807cb045-f532-427b-92c6-f7a9932e4096: 'RetrievalConfig' object has no attribute 'candidate_limit'
[2026-02-28T19:57:17.993745] 7c2048c6-bcd2-4d13-9141-0d173d2bff5a: 'RetrievalConfig' object has no attribute 'candidate_limit'
[2026-02-28T20:00:18.406955+00:00] bc552ca4-e4c0-4280-a75c-4e63bac8dda2: 'RetrievalConfig' object has no attribute 'candidate_limit'
[2026-02-28T20:00:30.350091+00:00] 4fe03fbe-5aea-4fe5-a0c5-ab0d64714829: 'RetrievalConfig' object has no attribute 'candidate_limit'
[2026-02-28T20:01:00.242156+00:00] 127a0548-656f-43dd-8062-493c4c25f56c: 'RetrievalConfig' object has no attribute 'candidate_limit'
[2026-02-28T20:16:40.597722+00:00] 68cd695d-6ad6-48f1-8eea-e05242bcb884: 'RetrievalConfig' object has no attribute 'candidate_limit'
[2026-02-28T20:16:45.564721+00:00] b4b4ad6a-bad9-485e-8223-004337a17913: 'RetrievalConfig' object has no attribute 'candidate_limit'
[2026-02-28T20:16:50.496585+00:00] 2461d324-332f-46cb-b0c7-24bcf9e938db: 'RetrievalConfig' object has no attribute 'candidate_limit'
[2026-02-28T20:17:21.831868+00:00] 419d326c-4b1f-40a2-bb39-dc5d1483b7ee: 'RetrievalConfig' object has no attribute 'candidate_limit'
[2026-02-28T20:17:26.637028+00:00] 11c01b0c-b776-46d8-9fa3-4416db7c86f6: 'RetrievalConfig' object has no attribute 'candidate_limit'
[2026-02-28T20:17:31.571599+00:00] e6bc05f6-dafd-4d05-b58f-281286c7640e: 'RetrievalConfig' object has no attribute 'candidate_limit'
[2026-02-28T20:17:36.521862+00:00] 7fe50f12-06e6-476c-ad05-d8a24ccfb01d: 'RetrievalConfig' object has no attribute 'candidate_limit'
[2026-02-28T20:17:41.473097+00:00] 61108acf-6516-4274-848c-bef78f15e4e1: 'RetrievalConfig' object has no attribute 'candidate_limit'
[2026-02-28T20:17:46.354224+00:00] c2e35785-b82f-49aa-9f54-1e0e820eac68: 'RetrievalConfig' object has no attribute 'candidate_limit'
[2026-02-28T20:17:51.271228+00:00] c86194e7-2794-4675-a0e7-bbae3a1ba86f: 'RetrievalConfig' object has no attribute 'candidate_limit'
[2026-02-28T20:17:56.186655+00:00] 93054b59-a930-44da-bcc1-d45cbdf56100: 'RetrievalConfig' object has no attribute 'candidate_limit'
[2026-02-28T20:18:01.038565+00:00] fa172f58-5cb4-44bb-927f-fd2f2b88a796: 'RetrievalConfig' object has no attribute 'candidate_limit'
[2026-02-28T20:18:05.912060+00:00] cb853136-33d4-48ca-a783-66640e35f7c8: 'RetrievalConfig' object has no attribute 'candidate_limit'
[2026-02-28T20:18:10.884423+00:00] 3e75080b-4c61-4f23-a4b8-b4661cbafd43: 'RetrievalConfig' object has no attribute 'candidate_limit'
[2026-02-28T20:18:16.893554+00:00] f619a541-6343-45db-8d45-d37370fc8f0a: 'RetrievalConfig' object has no attribute 'candidate_limit'
[2026-02-28T20:43:20.849198+00:00] efeff565-85f1-4503-a0cb-406c225aa51c: 'RetrievalConfig' object has no attribute 'candidate_limit'
[2026-02-28T20:43:33.989837+00:00] 8b3ae45c-324a-41af-9b74-70424b516113: 'RetrievalConfig' object has no attribute 'candidate_limit'
[2026-02-28T20:45:17.685817+00:00] 956950ef-a540-47b3-9eea-7894974336e1: 'RetrievalConfig' object has no attribute 'candidate_limit'
[2026-02-28T20:47:01.610029+00:00] 3176ebe6-d0df-4c96-ab3d-f06128186b72: 'RetrievalConfig' object has no attribute 'candidate_limit'
[2026-02-28T20:47:04.818963+00:00] b41f9cef-dd24-44a3-bf3d-6993a2c643ac: 'RetrievalConfig' object has no attribute 'candidate_limit'
[2026-02-28T20:47:09.101238+00:00] fb28f87f-e280-462b-934c-61e491c25895: 'RetrievalConfig' object has no attribute 'candidate_limit'
[2026-02-28T20:47:16.948570+00:00] 61fe3926-4a8f-4c75-a980-753cfb33055f: 'RetrievalConfig' object has no attribute 'candidate_limit'
[2026-02-28T20:49:35.309413+00:00] 45183e96-90df-416e-bf77-77afc4255c82: 'RetrievalConfig' object has no attribute 'candidate_limit'
[2026-02-28T20:50:41.108489+00:00] 557b1ff4-061a-4b49-8526-6c5327ea17ff: 'RetrievalConfig' object has no attribute 'candidate_limit'
[2026-02-28T20:50:46.215300+00:00] cf81da83-9044-4d51-970a-a1cd2bd8e97d: 'RetrievalConfig' object has no attribute 'candidate_limit'
[2026-02-28T20:52:58.586907+00:00] 590959df-d5d7-41a9-8a44-0e0869d548c5: 'RetrievalConfig' object has no attribute 'candidate_limit'
[2026-02-28T20:52:59.533225+00:00] 39af4c62-ddc6-4068-b312-f17a3c552b72: 'RetrievalConfig' object has no attribute 'candidate_limit'
[2026-02-28T20:53:36.941863+00:00] cb60a877-1c25-478a-bea3-f9b01590adf0: 'RetrievalConfig' object has no attribute 'candidate_limit'
[2026-02-28T20:54:26.279262+00:00] 2f0aa659-8ac7-4dae-8df5-748a3afe8936: PromptBuilder.build_prompt() got an unexpected keyword argument 'diffs'
[2026-02-28T21:11:29.509249+00:00] 9b827997-bf39-45be-ae84-9f1955b480dc: PromptBuilder.build_prompt() got an unexpected keyword argument 'diffs'
[2026-02-28T21:11:34.437578+00:00] 700d8978-6abe-4c9f-8822-35ae526e57dd: PromptBuilder.build_prompt() got an unexpected keyword argument 'diffs'
[2026-02-28T21:11:39.351933+00:00] 6383bf45-862b-40eb-8d31-341badfe0c6f: PromptBuilder.build_prompt() got an unexpected keyword argument 'diffs'
[2026-02-28T21:18:16.334625+00:00] 147884fe-77e0-44e6-9791-06d93a68387c: PromptBuilder.build_prompt() got an unexpected keyword argument 'diffs'
[2026-02-28T21:18:21.253450+00:00] c6baad41-d8b9-4d74-beee-1039ee94c658: PromptBuilder.build_prompt() got an unexpected keyword argument 'diffs'
[2026-02-28T21:18:26.031427+00:00] 29323dab-160b-4a2e-8ee8-2bd7a88cbe16: PromptBuilder.build_prompt() got an unexpected keyword argument 'diffs'
[2026-02-28T21:18:36.925532+00:00] eaf9d748-6160-4b1e-9092-dd4ec7d1a2a4: PromptBuilder.build_prompt() got an unexpected keyword argument 'diffs'
[2026-02-28T21:18:41.838389+00:00] b5e3dd83-d49b-4d5e-82d8-c53028d030ee: PromptBuilder.build_prompt() got an unexpected keyword argument 'diffs'
